[2024-09-26 07:04:05] local.ERROR: Command "migration" is not defined.

Did you mean one of these?
    make:migration
    migrate
    migrate:fresh
    migrate:install
    migrate:refresh
    migrate:reset
    migrate:rollback
    migrate:status {"exception":"[object] (Symfony\\Component\\Console\\Exception\\CommandNotFoundException(code: 0): Command \"migration\" is not defined.

Did you mean one of these?
    make:migration
    migrate
    migrate:fresh
    migrate:install
    migrate:refresh
    migrate:reset
    migrate:rollback
    migrate:status at /Users/alaaalsoudi/Desktop/ReactLaravel/Laravel_Backend/vendor/symfony/console/Application.php:737)
[stacktrace]
#0 /Users/alaaalsoudi/Desktop/ReactLaravel/Laravel_Backend/vendor/symfony/console/Application.php(266): Symfony\\Component\\Console\\Application->find('migration')
#1 /Users/alaaalsoudi/Desktop/ReactLaravel/Laravel_Backend/vendor/symfony/console/Application.php(175): Symfony\\Component\\Console\\Application->doRun(Object(Symfony\\Component\\Console\\Input\\ArgvInput), Object(Symfony\\Component\\Console\\Output\\ConsoleOutput))
#2 /Users/alaaalsoudi/Desktop/ReactLaravel/Laravel_Backend/vendor/laravel/framework/src/Illuminate/Foundation/Console/Kernel.php(201): Symfony\\Component\\Console\\Application->run(Object(Symfony\\Component\\Console\\Input\\ArgvInput), Object(Symfony\\Component\\Console\\Output\\ConsoleOutput))
#3 /Users/alaaalsoudi/Desktop/ReactLaravel/Laravel_Backend/artisan(35): Illuminate\\Foundation\\Console\\Kernel->handle(Object(Symfony\\Component\\Console\\Input\\ArgvInput), Object(Symfony\\Component\\Console\\Output\\ConsoleOutput))
#4 {main}
"} 
